<?xml version="1.0" encoding="UTF-8"?>
<!-- Generated by org.testng.reporters.JUnitReportReporter -->
<testsuite skipped="0" hostname="W7-PC" name="com.clc.testng.DataProviderTest" tests="5" failures="0" timestamp="03 Aug 2019 05:30:11 GMT" time="0.093" errors="0">
  <testcase name="test" time="0.031" classname="com.clc.testng.DataProviderTest"/>
  <testcase name="test1" time="0.016" classname="com.clc.testng.DataProviderTest"/>
  <testcase name="test1" time="0.015" classname="com.clc.testng.DataProviderTest"/>
  <testcase name="test" time="0.015" classname="com.clc.testng.DataProviderTest"/>
  <testcase name="test1" time="0.016" classname="com.clc.testng.DataProviderTest"/>
</testsuite> <!-- com.clc.testng.DataProviderTest -->
